Using pre-set license
Built from '2021.3/staging' branch; Version is '2021.3.5f1 (40eb3a945986) revision 4254522'; Using compiler version '192829333'; Build Type 'Release'
OS: 'Windows 10  (10.0.19044) 64bit Professional' Language: 'ko' Physical Memory: 15659 MB
BatchMode: 1, IsHumanControllingUs: 0, StartBugReporterOnCrash: 0, Is64bit: 1, IsPro: 1

COMMAND LINE ARGUMENTS:
C:\Program Files\Unity\Hub\Editor\2021.3.5f1\Editor\Unity.exe
-adb2
-batchMode
-noUpm
-name
AssetImportWorker2
-projectPath
C:/csy/Unity/2022_Helicopter_KGA/[HomeWork] Helicopter(220708)
-logFile
Logs/AssetImportWorker2.log
-srvPort
57063
Successfully changed project path to: C:/csy/Unity/2022_Helicopter_KGA/[HomeWork] Helicopter(220708)
C:/csy/Unity/2022_Helicopter_KGA/[HomeWork] Helicopter(220708)
[UnityMemory] Configuration Parameters - Can be set up in boot.config
    "memorysetup-bucket-allocator-granularity=16"
    "memorysetup-bucket-allocator-bucket-count=8"
    "memorysetup-bucket-allocator-block-size=33554432"
    "memorysetup-bucket-allocator-block-count=8"
    "memorysetup-main-allocator-block-size=16777216"
    "memorysetup-thread-allocator-block-size=16777216"
    "memorysetup-gfx-main-allocator-block-size=16777216"
    "memorysetup-gfx-thread-allocator-block-size=16777216"
    "memorysetup-cache-allocator-block-size=4194304"
    "memorysetup-typetree-allocator-block-size=2097152"
    "memorysetup-profiler-bucket-allocator-granularity=16"
    "memorysetup-profiler-bucket-allocator-bucket-count=8"
    "memorysetup-profiler-bucket-allocator-block-size=33554432"
    "memorysetup-profiler-bucket-allocator-block-count=8"
    "memorysetup-profiler-allocator-block-size=16777216"
    "memorysetup-profiler-editor-allocator-block-size=1048576"
    "memorysetup-temp-allocator-size-main=16777216"
    "memorysetup-job-temp-allocator-block-size=2097152"
    "memorysetup-job-temp-allocator-block-size-background=1048576"
    "memorysetup-job-temp-allocator-reduction-small-platforms=262144"
    "memorysetup-temp-allocator-size-background-worker=32768"
    "memorysetup-temp-allocator-size-job-worker=262144"
    "memorysetup-temp-allocator-size-preload-manager=33554432"
    "memorysetup-temp-allocator-size-nav-mesh-worker=65536"
    "memorysetup-temp-allocator-size-audio-worker=65536"
    "memorysetup-temp-allocator-size-cloud-worker=32768"
    "memorysetup-temp-allocator-size-gi-baking-worker=262144"
    "memorysetup-temp-allocator-size-gfx=262144"
Refreshing native plugins compatible for Editor in 69.63 ms, found 3 plugins.
Preloading 0 native plugins for Editor in 0.00 ms.
Initialize engine version: 2021.3.5f1 (40eb3a945986)
[Subsystems] Discovering subsystems at path C:/Program Files/Unity/Hub/Editor/2021.3.5f1/Editor/Data/Resources/UnitySubsystems
[Subsystems] Discovering subsystems at path C:/csy/Unity/2022_Helicopter_KGA/[HomeWork] Helicopter(220708)/Assets
GfxDevice: creating device client; threaded=0; jobified=0
Direct3D:
    Version:  Direct3D 11.0 [level 11.1]
    Renderer: AMD Radeon(TM) Graphics (ID=0x1638)
    Vendor:   ATI
    VRAM:     7829 MB
    Driver:   30.0.13014.8
Initialize mono
Mono path[0] = 'C:/Program Files/Unity/Hub/Editor/2021.3.5f1/Editor/Data/Managed'
Mono path[1] = 'C:/Program Files/Unity/Hub/Editor/2021.3.5f1/Editor/Data/MonoBleedingEdge/lib/mono/unityjit-win32'
Mono config path = 'C:/Program Files/Unity/Hub/Editor/2021.3.5f1/Editor/Data/MonoBleedingEdge/etc'
Using monoOptions --debugger-agent=transport=dt_socket,embedding=1,server=y,suspend=n,address=127.0.0.1:56604
Begin MonoManager ReloadAssembly
Registering precompiled unity dll's ...
Register platform support module: C:/Program Files/Unity/Hub/Editor/2021.3.5f1/Editor/Data/PlaybackEngines/AndroidPlayer/UnityEditor.Android.Extensions.dll
Register platform support module: C:/Program Files/Unity/Hub/Editor/2021.3.5f1/Editor/Data/PlaybackEngines/WindowsStandaloneSupport/UnityEditor.WindowsStandalone.Extensions.dll
Register platform support module: C:/Program Files/Unity/Hub/Editor/2021.3.5f1/Editor/Data/PlaybackEngines/MetroSupport/UnityEditor.UWP.Extensions.dll
Registered in 0.007170 seconds.
Native extension for UWP target not found
Native extension for WindowsStandalone target not found
Native extension for Android target not found
Refreshing native plugins compatible for Editor in 66.03 ms, found 3 plugins.
Preloading 0 native plugins for Editor in 0.00 ms.
Mono: successfully reloaded assembly
- Completed reload, in  0.528 seconds
Domain Reload Profiling:
	ReloadAssembly (529ms)
		BeginReloadAssembly (63ms)
			ExecutionOrderSort (0ms)
			DisableScriptedObjects (0ms)
			BackupInstance (0ms)
			ReleaseScriptingObjects (0ms)
			CreateAndSetChildDomain (1ms)
		EndReloadAssembly (376ms)
			LoadAssemblies (61ms)
			RebuildTransferFunctionScriptingTraits (0ms)
			SetupTypeCache (82ms)
			ReleaseScriptCaches (0ms)
			RebuildScriptCaches (19ms)
			SetupLoadedEditorAssemblies (234ms)
				LogAssemblyErrors (0ms)
				InitializePlatformSupportModulesInManaged (49ms)
				SetLoadedEditorAssemblies (0ms)
				RefreshPlugins (66ms)
				BeforeProcessingInitializeOnLoad (1ms)
				ProcessInitializeOnLoadAttributes (83ms)
				ProcessInitializeOnLoadMethodAttributes (35ms)
				AfterProcessingInitializeOnLoad (0ms)
				EditorAssembliesLoaded (0ms)
			ExecutionOrderSort2 (0ms)
			AwakeInstancesAfterBackupRestoration (0ms)
Platform modules already initialized, skipping
Registering precompiled user dll's ...
Registered in 0.004754 seconds.
Begin MonoManager ReloadAssembly
Symbol file LoadedFromMemory doesn't match image C:\csy\Unity\2022_Helicopter_KGA\[HomeWork] Helicopter(220708)\Library\PackageCache\com.unity.visualscripting@1.7.8\Editor\VisualScripting.Core\Dependencies\YamlDotNet\Unity.VisualScripting.YamlDotNet.dll
Symbol file LoadedFromMemory doesn't match image C:\csy\Unity\2022_Helicopter_KGA\[HomeWork] Helicopter(220708)\Library\PackageCache\com.unity.visualscripting@1.7.8\Editor\VisualScripting.Core\Dependencies\DotNetZip\Unity.VisualScripting.IonicZip.dll
Native extension for UWP target not found
Native extension for WindowsStandalone target not found
Native extension for Android target not found
Refreshing native plugins compatible for Editor in 0.58 ms, found 3 plugins.
Preloading 0 native plugins for Editor in 0.00 ms.
Mono: successfully reloaded assembly
- Completed reload, in  0.884 seconds
Domain Reload Profiling:
	ReloadAssembly (885ms)
		BeginReloadAssembly (201ms)
			ExecutionOrderSort (0ms)
			DisableScriptedObjects (5ms)
			BackupInstance (0ms)
			ReleaseScriptingObjects (0ms)
			CreateAndSetChildDomain (127ms)
		EndReloadAssembly (590ms)
			LoadAssemblies (65ms)
			RebuildTransferFunctionScriptingTraits (0ms)
			SetupTypeCache (181ms)
			ReleaseScriptCaches (0ms)
			RebuildScriptCaches (35ms)
			SetupLoadedEditorAssemblies (284ms)
				LogAssemblyErrors (0ms)
				InitializePlatformSupportModulesInManaged (13ms)
				SetLoadedEditorAssemblies (0ms)
				RefreshPlugins (1ms)
				BeforeProcessingInitializeOnLoad (70ms)
				ProcessInitializeOnLoadAttributes (172ms)
				ProcessInitializeOnLoadMethodAttributes (22ms)
				AfterProcessingInitializeOnLoad (7ms)
				EditorAssembliesLoaded (0ms)
			ExecutionOrderSort2 (0ms)
			AwakeInstancesAfterBackupRestoration (4ms)
Platform modules already initialized, skipping
========================================================================
Worker process is ready to serve import requests
Launched and connected shader compiler UnityShaderCompiler.exe after 0.03 seconds
Refreshing native plugins compatible for Editor in 0.58 ms, found 3 plugins.
Preloading 0 native plugins for Editor in 0.00 ms.
Unloading 3371 Unused Serialized files (Serialized files now loaded: 0)
Unloading 27 unused Assets / (111.0 KB). Loaded Objects now: 3829.
Memory consumption went from 116.0 MB to 115.9 MB.
Total: 2.616900 ms (FindLiveObjects: 0.195700 ms CreateObjectMapping: 0.089000 ms MarkObjects: 2.250100 ms  DeleteObjects: 0.081100 ms)

AssetImportParameters requested are different than current active one (requested -> active):
  custom:video-decoder-ogg-theora: a1e56fd34408186e4bbccfd4996cb3dc -> 
  custom:container-muxer-webm: aa71ff27fc2769a1b78a27578f13a17b -> 
  custom:container-demuxer-webm: 4f35f7cbe854078d1ac9338744f61a02 -> 
  custom:video-encoder-webm-vp8: eb34c28f22e8b96e1ab97ce403110664 -> 
  custom:audio-encoder-webm-vorbis: bf7c407c2cedff20999df2af8eb42d56 -> 
  custom:framework-win-MediaFoundation: 216162199b28c13a410421893ffa2e32 -> 
  custom:container-demuxer-ogg: 62fdf1f143b41e24485cea50d1cbac27 -> 
  custom:video-decoder-webm-vp8: 9c59270c3fd7afecdb556c50c9e8de78 -> 
  custom:audio-decoder-ogg-vorbis: bf7c407c2cedff20999df2af8eb42d56 -> 
========================================================================
Received Import Request.
  Time since last request: 434235.120151 seconds.
  path: Assets/Material/Missile Port.mat
  artifactKey: Guid(5271caed93cc5004cb0ecda9c8c5350e) Importer(815301076,1909f56bfc062723c751e8b465ee728b)
Start importing Assets/Material/Missile Port.mat using Guid(5271caed93cc5004cb0ecda9c8c5350e) Importer(815301076,1909f56bfc062723c751e8b465ee728b)  -> (artifact id: 'cf469870faeef189374dc3b63bd7d2a1') in 0.092920 seconds 
========================================================================
Received Import Request.
  Time since last request: 272.335631 seconds.
  path: Assets/Material/Missile.mat
  artifactKey: Guid(af81991c8f36f414283af90a0cc5e78f) Importer(815301076,1909f56bfc062723c751e8b465ee728b)
Start importing Assets/Material/Missile.mat using Guid(af81991c8f36f414283af90a0cc5e78f) Importer(815301076,1909f56bfc062723c751e8b465ee728b)  -> (artifact id: '1d463c4d15eb1ef234e711b35199cdb7') in 0.013012 seconds 
========================================================================
Received Import Request.
  Time since last request: 33.750828 seconds.
  path: Assets/Prefab
  artifactKey: Guid(cd0f6d4519ab95c4d9b3d8356515c1d4) Importer(815301076,1909f56bfc062723c751e8b465ee728b)
Start importing Assets/Prefab using Guid(cd0f6d4519ab95c4d9b3d8356515c1d4) Importer(815301076,1909f56bfc062723c751e8b465ee728b)  -> (artifact id: '2e77ee04aaecaa8c22bcae93482755f6') in 0.006245 seconds 
========================================================================
Received Import Request.
  Time since last request: 47.757160 seconds.
  path: Assets/Prefab/Missile.prefab
  artifactKey: Guid(fe2f9d4313232e349ad699fd5f711a94) Importer(815301076,1909f56bfc062723c751e8b465ee728b)
Start importing Assets/Prefab/Missile.prefab using Guid(fe2f9d4313232e349ad699fd5f711a94) Importer(815301076,1909f56bfc062723c751e8b465ee728b)  -> (artifact id: '2cd18fc6962560297e95167e3ee2219c') in 0.025120 seconds 
========================================================================
Received Import Request.
  Time since last request: 22.739669 seconds.
  path: Assets/Prefab/Missile.prefab
  artifactKey: Guid(fe2f9d4313232e349ad699fd5f711a94) Importer(815301076,1909f56bfc062723c751e8b465ee728b)
Start importing Assets/Prefab/Missile.prefab using Guid(fe2f9d4313232e349ad699fd5f711a94) Importer(815301076,1909f56bfc062723c751e8b465ee728b)  -> (artifact id: 'b1ff8ce9ccd3a09c70c99093a78234cc') in 0.009933 seconds 
========================================================================
Received Import Request.
  Time since last request: 3.428529 seconds.
  path: Assets/Prefab/Missile.prefab
  artifactKey: Guid(fe2f9d4313232e349ad699fd5f711a94) Importer(815301076,1909f56bfc062723c751e8b465ee728b)
Start importing Assets/Prefab/Missile.prefab using Guid(fe2f9d4313232e349ad699fd5f711a94) Importer(815301076,1909f56bfc062723c751e8b465ee728b)  -> (artifact id: 'a159f62863db837d227cc9d91328043a') in 0.009379 seconds 
========================================================================
Received Import Request.
  Time since last request: 1.403445 seconds.
  path: Assets/Prefab/Missile.prefab
  artifactKey: Guid(fe2f9d4313232e349ad699fd5f711a94) Importer(815301076,1909f56bfc062723c751e8b465ee728b)
Start importing Assets/Prefab/Missile.prefab using Guid(fe2f9d4313232e349ad699fd5f711a94) Importer(815301076,1909f56bfc062723c751e8b465ee728b)  -> (artifact id: '534de8f617e4b6a0188fc84d8dd6525b') in 0.009022 seconds 
========================================================================
Received Import Request.
  Time since last request: 2.809676 seconds.
  path: Assets/Prefab/Missile.prefab
  artifactKey: Guid(fe2f9d4313232e349ad699fd5f711a94) Importer(815301076,1909f56bfc062723c751e8b465ee728b)
Start importing Assets/Prefab/Missile.prefab using Guid(fe2f9d4313232e349ad699fd5f711a94) Importer(815301076,1909f56bfc062723c751e8b465ee728b)  -> (artifact id: '7da266bc8f71db7b045cfa5507779c41') in 0.009302 seconds 
========================================================================
Received Import Request.
  Time since last request: 14.507345 seconds.
  path: Assets/Prefab/Missile.prefab
  artifactKey: Guid(fe2f9d4313232e349ad699fd5f711a94) Importer(815301076,1909f56bfc062723c751e8b465ee728b)
Start importing Assets/Prefab/Missile.prefab using Guid(fe2f9d4313232e349ad699fd5f711a94) Importer(815301076,1909f56bfc062723c751e8b465ee728b)  -> (artifact id: '27e39f0000e42a93be3e253c1ea46f93') in 0.008469 seconds 
========================================================================
Received Import Request.
  Time since last request: 17.557173 seconds.
  path: Assets/Prefab/Missile.prefab
  artifactKey: Guid(fe2f9d4313232e349ad699fd5f711a94) Importer(815301076,1909f56bfc062723c751e8b465ee728b)
Start importing Assets/Prefab/Missile.prefab using Guid(fe2f9d4313232e349ad699fd5f711a94) Importer(815301076,1909f56bfc062723c751e8b465ee728b)  -> (artifact id: '7990426885ede175f8adbd2ee5b7d751') in 0.007696 seconds 
========================================================================
Received Import Request.
  Time since last request: 3.822383 seconds.
  path: Assets/Prefab/Missile.prefab
  artifactKey: Guid(fe2f9d4313232e349ad699fd5f711a94) Importer(815301076,1909f56bfc062723c751e8b465ee728b)
Start importing Assets/Prefab/Missile.prefab using Guid(fe2f9d4313232e349ad699fd5f711a94) Importer(815301076,1909f56bfc062723c751e8b465ee728b)  -> (artifact id: 'e9b71d0d0628ae0dae7cd1e9835b27e8') in 0.007756 seconds 
========================================================================
Received Import Request.
  Time since last request: 7.237252 seconds.
  path: Assets/Prefab/Missile.prefab
  artifactKey: Guid(fe2f9d4313232e349ad699fd5f711a94) Importer(815301076,1909f56bfc062723c751e8b465ee728b)
Start importing Assets/Prefab/Missile.prefab using Guid(fe2f9d4313232e349ad699fd5f711a94) Importer(815301076,1909f56bfc062723c751e8b465ee728b)  -> (artifact id: '4c5b74799317e9882b2e0946032f3b37') in 0.007674 seconds 
========================================================================
Received Import Request.
  Time since last request: 8.548319 seconds.
  path: Assets/Prefab/Missile.prefab
  artifactKey: Guid(fe2f9d4313232e349ad699fd5f711a94) Importer(815301076,1909f56bfc062723c751e8b465ee728b)
Start importing Assets/Prefab/Missile.prefab using Guid(fe2f9d4313232e349ad699fd5f711a94) Importer(815301076,1909f56bfc062723c751e8b465ee728b)  -> (artifact id: '1d99f65be6eccfce977fb4cb1ec39f1b') in 0.007675 seconds 
========================================================================
Received Import Request.
  Time since last request: 23.648108 seconds.
  path: Assets/Prefab/Missile.prefab
  artifactKey: Guid(fe2f9d4313232e349ad699fd5f711a94) Importer(815301076,1909f56bfc062723c751e8b465ee728b)
Start importing Assets/Prefab/Missile.prefab using Guid(fe2f9d4313232e349ad699fd5f711a94) Importer(815301076,1909f56bfc062723c751e8b465ee728b)  -> (artifact id: '66640113e78fe25377e8188b788f5435') in 0.008418 seconds 
========================================================================
Received Import Request.
  Time since last request: 0.994255 seconds.
  path: Assets/Prefab/Missile.prefab
  artifactKey: Guid(fe2f9d4313232e349ad699fd5f711a94) Importer(815301076,1909f56bfc062723c751e8b465ee728b)
Start importing Assets/Prefab/Missile.prefab using Guid(fe2f9d4313232e349ad699fd5f711a94) Importer(815301076,1909f56bfc062723c751e8b465ee728b)  -> (artifact id: 'd86929b7c251e56fac89fe2533c41e9b') in 0.007727 seconds 
========================================================================
Received Import Request.
  Time since last request: 3.619597 seconds.
  path: Assets/Prefab/Missile.prefab
  artifactKey: Guid(fe2f9d4313232e349ad699fd5f711a94) Importer(815301076,1909f56bfc062723c751e8b465ee728b)
Start importing Assets/Prefab/Missile.prefab using Guid(fe2f9d4313232e349ad699fd5f711a94) Importer(815301076,1909f56bfc062723c751e8b465ee728b)  -> (artifact id: '041cea928ee43f283998fd27a1e4de62') in 0.007926 seconds 
========================================================================
Received Import Request.
  Time since last request: 7.679985 seconds.
  path: Assets/Prefab/Missile.prefab
  artifactKey: Guid(fe2f9d4313232e349ad699fd5f711a94) Importer(815301076,1909f56bfc062723c751e8b465ee728b)
Start importing Assets/Prefab/Missile.prefab using Guid(fe2f9d4313232e349ad699fd5f711a94) Importer(815301076,1909f56bfc062723c751e8b465ee728b)  -> (artifact id: 'd27054e14d475efb24c5bde3945cbd5c') in 0.008080 seconds 
========================================================================
Received Import Request.
  Time since last request: 47.946950 seconds.
  path: Assets/Prefab/Missile.prefab
  artifactKey: Guid(fe2f9d4313232e349ad699fd5f711a94) Importer(815301076,1909f56bfc062723c751e8b465ee728b)
Start importing Assets/Prefab/Missile.prefab using Guid(fe2f9d4313232e349ad699fd5f711a94) Importer(815301076,1909f56bfc062723c751e8b465ee728b)  -> (artifact id: '098b2487f6f95b161edee36c6bddc2a0') in 0.009296 seconds 
========================================================================
Received Import Request.
  Time since last request: 16.516056 seconds.
  path: Assets/Prefab/Missile.prefab
  artifactKey: Guid(fe2f9d4313232e349ad699fd5f711a94) Importer(815301076,1909f56bfc062723c751e8b465ee728b)
Start importing Assets/Prefab/Missile.prefab using Guid(fe2f9d4313232e349ad699fd5f711a94) Importer(815301076,1909f56bfc062723c751e8b465ee728b)  -> (artifact id: '7fbf0bc0d1571dabc82247038e4d428e') in 0.008140 seconds 
========================================================================
Received Import Request.
  Time since last request: 8.657609 seconds.
  path: Assets/Prefab/Missile.prefab
  artifactKey: Guid(fe2f9d4313232e349ad699fd5f711a94) Importer(815301076,1909f56bfc062723c751e8b465ee728b)
Start importing Assets/Prefab/Missile.prefab using Guid(fe2f9d4313232e349ad699fd5f711a94) Importer(815301076,1909f56bfc062723c751e8b465ee728b)  -> (artifact id: '25c5f709d20630f1816c0f64e16c4027') in 0.008258 seconds 
========================================================================
Received Import Request.
  Time since last request: 5.834627 seconds.
  path: Assets/Prefab/Missile.prefab
  artifactKey: Guid(fe2f9d4313232e349ad699fd5f711a94) Importer(815301076,1909f56bfc062723c751e8b465ee728b)
Start importing Assets/Prefab/Missile.prefab using Guid(fe2f9d4313232e349ad699fd5f711a94) Importer(815301076,1909f56bfc062723c751e8b465ee728b)  -> (artifact id: '86653f6858abc1b0715c77f8b192d047') in 0.008148 seconds 
========================================================================
Received Import Request.
  Time since last request: 25.588655 seconds.
  path: Assets/Prefab/Missile.prefab
  artifactKey: Guid(fe2f9d4313232e349ad699fd5f711a94) Importer(815301076,1909f56bfc062723c751e8b465ee728b)
Start importing Assets/Prefab/Missile.prefab using Guid(fe2f9d4313232e349ad699fd5f711a94) Importer(815301076,1909f56bfc062723c751e8b465ee728b)  -> (artifact id: '68ca4f86ff242b939c3f5058f9de9ecf') in 0.008210 seconds 
========================================================================
Received Import Request.
  Time since last request: 2.925345 seconds.
  path: Assets/Prefab/Missile.prefab
  artifactKey: Guid(fe2f9d4313232e349ad699fd5f711a94) Importer(815301076,1909f56bfc062723c751e8b465ee728b)
Start importing Assets/Prefab/Missile.prefab using Guid(fe2f9d4313232e349ad699fd5f711a94) Importer(815301076,1909f56bfc062723c751e8b465ee728b)  -> (artifact id: '07deda4299298bb98ab89c12022ce37a') in 0.008552 seconds 
========================================================================
Received Import Request.
  Time since last request: 10.550638 seconds.
  path: Assets/Prefab/Missile.prefab
  artifactKey: Guid(fe2f9d4313232e349ad699fd5f711a94) Importer(815301076,1909f56bfc062723c751e8b465ee728b)
Start importing Assets/Prefab/Missile.prefab using Guid(fe2f9d4313232e349ad699fd5f711a94) Importer(815301076,1909f56bfc062723c751e8b465ee728b)  -> (artifact id: '367581abbdc0dcb9c46076cda018743a') in 0.008443 seconds 
========================================================================
Received Import Request.
  Time since last request: 6.271508 seconds.
  path: Assets/Prefab/Missile.prefab
  artifactKey: Guid(fe2f9d4313232e349ad699fd5f711a94) Importer(815301076,1909f56bfc062723c751e8b465ee728b)
Start importing Assets/Prefab/Missile.prefab using Guid(fe2f9d4313232e349ad699fd5f711a94) Importer(815301076,1909f56bfc062723c751e8b465ee728b)  -> (artifact id: '22fc7d8b8981c6bda42cb8e8145c9ba6') in 0.008216 seconds 
========================================================================
Received Import Request.
  Time since last request: 3.631844 seconds.
  path: Assets/Prefab/Missile.prefab
  artifactKey: Guid(fe2f9d4313232e349ad699fd5f711a94) Importer(815301076,1909f56bfc062723c751e8b465ee728b)
Start importing Assets/Prefab/Missile.prefab using Guid(fe2f9d4313232e349ad699fd5f711a94) Importer(815301076,1909f56bfc062723c751e8b465ee728b)  -> (artifact id: 'bfb82fe69fe067e21ae65166e8e6c0c7') in 0.008173 seconds 
========================================================================
Received Import Request.
  Time since last request: 3.641908 seconds.
  path: Assets/Prefab/Missile.prefab
  artifactKey: Guid(fe2f9d4313232e349ad699fd5f711a94) Importer(815301076,1909f56bfc062723c751e8b465ee728b)
Start importing Assets/Prefab/Missile.prefab using Guid(fe2f9d4313232e349ad699fd5f711a94) Importer(815301076,1909f56bfc062723c751e8b465ee728b)  -> (artifact id: '7310645a6d0ef14869e9d2ef633eea0c') in 0.012354 seconds 
========================================================================
Received Import Request.
  Time since last request: 1.811655 seconds.
  path: Assets/Prefab/Missile.prefab
  artifactKey: Guid(fe2f9d4313232e349ad699fd5f711a94) Importer(815301076,1909f56bfc062723c751e8b465ee728b)
Start importing Assets/Prefab/Missile.prefab using Guid(fe2f9d4313232e349ad699fd5f711a94) Importer(815301076,1909f56bfc062723c751e8b465ee728b)  -> (artifact id: 'b0a2dcd79698ff49e368f0d6958242d9') in 0.009901 seconds 
========================================================================
Received Import Request.
  Time since last request: 13.975502 seconds.
  path: Assets/Prefab/Missile.prefab
  artifactKey: Guid(fe2f9d4313232e349ad699fd5f711a94) Importer(815301076,1909f56bfc062723c751e8b465ee728b)
Start importing Assets/Prefab/Missile.prefab using Guid(fe2f9d4313232e349ad699fd5f711a94) Importer(815301076,1909f56bfc062723c751e8b465ee728b)  -> (artifact id: 'd78fdf5986a7c092e901763cb8871bb5') in 0.007918 seconds 
========================================================================
Received Import Request.
  Time since last request: 507.493535 seconds.
  path: Assets/Prefab/Missile.prefab
  artifactKey: Guid(fe2f9d4313232e349ad699fd5f711a94) Importer(815301076,1909f56bfc062723c751e8b465ee728b)
Start importing Assets/Prefab/Missile.prefab using Guid(fe2f9d4313232e349ad699fd5f711a94) Importer(815301076,1909f56bfc062723c751e8b465ee728b)  -> (artifact id: 'f6351f7ce4842a75e2cc576bef688ac4') in 0.009049 seconds 
========================================================================
Received Import Request.
  Time since last request: 1.994817 seconds.
  path: Assets/Prefab/Missile.prefab
  artifactKey: Guid(fe2f9d4313232e349ad699fd5f711a94) Importer(815301076,1909f56bfc062723c751e8b465ee728b)
Start importing Assets/Prefab/Missile.prefab using Guid(fe2f9d4313232e349ad699fd5f711a94) Importer(815301076,1909f56bfc062723c751e8b465ee728b)  -> (artifact id: 'c63f0bd32f0d72b04d709fda37b25caf') in 0.009221 seconds 
========================================================================
Received Import Request.
  Time since last request: 3.606009 seconds.
  path: Assets/Prefab/Missile.prefab
  artifactKey: Guid(fe2f9d4313232e349ad699fd5f711a94) Importer(815301076,1909f56bfc062723c751e8b465ee728b)
Start importing Assets/Prefab/Missile.prefab using Guid(fe2f9d4313232e349ad699fd5f711a94) Importer(815301076,1909f56bfc062723c751e8b465ee728b)  -> (artifact id: 'e87a34128fe8767767ce6e46223f6706') in 0.008430 seconds 
========================================================================
Received Import Request.
  Time since last request: 2.000930 seconds.
  path: Assets/Prefab/Missile.prefab
  artifactKey: Guid(fe2f9d4313232e349ad699fd5f711a94) Importer(815301076,1909f56bfc062723c751e8b465ee728b)
Start importing Assets/Prefab/Missile.prefab using Guid(fe2f9d4313232e349ad699fd5f711a94) Importer(815301076,1909f56bfc062723c751e8b465ee728b)  -> (artifact id: '6ee800748ea9696a905e534051aa6f64') in 0.008055 seconds 
========================================================================
Received Import Request.
  Time since last request: 5.058974 seconds.
  path: Assets/Prefab/Missile.prefab
  artifactKey: Guid(fe2f9d4313232e349ad699fd5f711a94) Importer(815301076,1909f56bfc062723c751e8b465ee728b)
Start importing Assets/Prefab/Missile.prefab using Guid(fe2f9d4313232e349ad699fd5f711a94) Importer(815301076,1909f56bfc062723c751e8b465ee728b)  -> (artifact id: 'f843deca81df6274ba2320dbeb41de78') in 0.008402 seconds 
========================================================================
Received Import Request.
  Time since last request: 3.416701 seconds.
  path: Assets/Prefab/Missile.prefab
  artifactKey: Guid(fe2f9d4313232e349ad699fd5f711a94) Importer(815301076,1909f56bfc062723c751e8b465ee728b)
Start importing Assets/Prefab/Missile.prefab using Guid(fe2f9d4313232e349ad699fd5f711a94) Importer(815301076,1909f56bfc062723c751e8b465ee728b)  -> (artifact id: '67d0c8f0befbe4a545c448f2680a46fc') in 0.008407 seconds 
========================================================================
Received Import Request.
  Time since last request: 4.366955 seconds.
  path: Assets/Prefab/Missile.prefab
  artifactKey: Guid(fe2f9d4313232e349ad699fd5f711a94) Importer(815301076,1909f56bfc062723c751e8b465ee728b)
Start importing Assets/Prefab/Missile.prefab using Guid(fe2f9d4313232e349ad699fd5f711a94) Importer(815301076,1909f56bfc062723c751e8b465ee728b)  -> (artifact id: '7406eab3bfc4176b21418241dd1d684d') in 0.008158 seconds 
========================================================================
Received Import Request.
  Time since last request: 15.037952 seconds.
  path: Assets/Prefab/Missile.prefab
  artifactKey: Guid(fe2f9d4313232e349ad699fd5f711a94) Importer(815301076,1909f56bfc062723c751e8b465ee728b)
Start importing Assets/Prefab/Missile.prefab using Guid(fe2f9d4313232e349ad699fd5f711a94) Importer(815301076,1909f56bfc062723c751e8b465ee728b)  -> (artifact id: '8f859abbe33c3cbe39547d37b096e0a0') in 0.008098 seconds 
========================================================================
Received Import Request.
  Time since last request: 3.714932 seconds.
  path: Assets/Prefab/Missile.prefab
  artifactKey: Guid(fe2f9d4313232e349ad699fd5f711a94) Importer(815301076,1909f56bfc062723c751e8b465ee728b)
Start importing Assets/Prefab/Missile.prefab using Guid(fe2f9d4313232e349ad699fd5f711a94) Importer(815301076,1909f56bfc062723c751e8b465ee728b)  -> (artifact id: '84f0b183d5b253ad682c9eac2e1b5ca9') in 0.008008 seconds 
========================================================================
Received Import Request.
  Time since last request: 7.755892 seconds.
  path: Assets/Prefab/Missile.prefab
  artifactKey: Guid(fe2f9d4313232e349ad699fd5f711a94) Importer(815301076,1909f56bfc062723c751e8b465ee728b)
Start importing Assets/Prefab/Missile.prefab using Guid(fe2f9d4313232e349ad699fd5f711a94) Importer(815301076,1909f56bfc062723c751e8b465ee728b)  -> (artifact id: '78f89acf74e76c9409dfb50451cfb9f7') in 0.007974 seconds 
========================================================================
Received Import Request.
  Time since last request: 2.171159 seconds.
  path: Assets/Prefab/Missile.prefab
  artifactKey: Guid(fe2f9d4313232e349ad699fd5f711a94) Importer(815301076,1909f56bfc062723c751e8b465ee728b)
Start importing Assets/Prefab/Missile.prefab using Guid(fe2f9d4313232e349ad699fd5f711a94) Importer(815301076,1909f56bfc062723c751e8b465ee728b)  -> (artifact id: '69aabdcb059141604d1f143e86784d77') in 0.008015 seconds 
========================================================================
Received Import Request.
  Time since last request: 1.908838 seconds.
  path: Assets/Prefab/Missile.prefab
  artifactKey: Guid(fe2f9d4313232e349ad699fd5f711a94) Importer(815301076,1909f56bfc062723c751e8b465ee728b)
Start importing Assets/Prefab/Missile.prefab using Guid(fe2f9d4313232e349ad699fd5f711a94) Importer(815301076,1909f56bfc062723c751e8b465ee728b)  -> (artifact id: '392979235aac65ae715b2d7cf605f056') in 0.007766 seconds 
========================================================================
Received Import Request.
  Time since last request: 5.692316 seconds.
  path: Assets/Prefab/Missile.prefab
  artifactKey: Guid(fe2f9d4313232e349ad699fd5f711a94) Importer(815301076,1909f56bfc062723c751e8b465ee728b)
Start importing Assets/Prefab/Missile.prefab using Guid(fe2f9d4313232e349ad699fd5f711a94) Importer(815301076,1909f56bfc062723c751e8b465ee728b)  -> (artifact id: 'd8b1c5ea57d35d3149f9edfd002b2fa8') in 0.007933 seconds 
========================================================================
Received Import Request.
  Time since last request: 1.718436 seconds.
  path: Assets/Prefab/Missile.prefab
  artifactKey: Guid(fe2f9d4313232e349ad699fd5f711a94) Importer(815301076,1909f56bfc062723c751e8b465ee728b)
Start importing Assets/Prefab/Missile.prefab using Guid(fe2f9d4313232e349ad699fd5f711a94) Importer(815301076,1909f56bfc062723c751e8b465ee728b)  -> (artifact id: 'dc8edb4c0256bc62c437f9f4ed5d980c') in 0.007921 seconds 
========================================================================
Received Import Request.
  Time since last request: 2.285667 seconds.
  path: Assets/Prefab/Missile.prefab
  artifactKey: Guid(fe2f9d4313232e349ad699fd5f711a94) Importer(815301076,1909f56bfc062723c751e8b465ee728b)
Start importing Assets/Prefab/Missile.prefab using Guid(fe2f9d4313232e349ad699fd5f711a94) Importer(815301076,1909f56bfc062723c751e8b465ee728b)  -> (artifact id: 'a50423e3cf4646ffff8f5e74d5cd28e4') in 0.008422 seconds 
========================================================================
Received Import Request.
  Time since last request: 5.816916 seconds.
  path: Assets/Prefab/Missile.prefab
  artifactKey: Guid(fe2f9d4313232e349ad699fd5f711a94) Importer(815301076,1909f56bfc062723c751e8b465ee728b)
Start importing Assets/Prefab/Missile.prefab using Guid(fe2f9d4313232e349ad699fd5f711a94) Importer(815301076,1909f56bfc062723c751e8b465ee728b)  -> (artifact id: '489e1b06aadadb2773f3f8adbb1cf780') in 0.007974 seconds 
========================================================================
Received Import Request.
  Time since last request: 87.994657 seconds.
  path: Assets/Prefab/Missile.prefab
  artifactKey: Guid(fe2f9d4313232e349ad699fd5f711a94) Importer(815301076,1909f56bfc062723c751e8b465ee728b)
Start importing Assets/Prefab/Missile.prefab using Guid(fe2f9d4313232e349ad699fd5f711a94) Importer(815301076,1909f56bfc062723c751e8b465ee728b)  -> (artifact id: '14ce68b2bb91fc9143d7b18d9696c431') in 0.008108 seconds 
========================================================================
Received Import Request.
  Time since last request: 27.261618 seconds.
  path: Assets/Prefab/Missile.prefab
  artifactKey: Guid(fe2f9d4313232e349ad699fd5f711a94) Importer(815301076,1909f56bfc062723c751e8b465ee728b)
Start importing Assets/Prefab/Missile.prefab using Guid(fe2f9d4313232e349ad699fd5f711a94) Importer(815301076,1909f56bfc062723c751e8b465ee728b)  -> (artifact id: '5e19b968a4386e9266a807c36916962a') in 0.008152 seconds 
========================================================================
Received Import Request.
  Time since last request: 93.281200 seconds.
  path: Assets/Material/Materials/Screen-Shot-2018-02-15-at-10.29.18-PM-696x697.mat
  artifactKey: Guid(84a67a6044ad59341b452904584e7a2b) Importer(815301076,1909f56bfc062723c751e8b465ee728b)
Start importing Assets/Material/Materials/Screen-Shot-2018-02-15-at-10.29.18-PM-696x697.mat using Guid(84a67a6044ad59341b452904584e7a2b) Importer(815301076,1909f56bfc062723c751e8b465ee728b)  -> (artifact id: '1d6383255a931e4207f967766f6ea492') in 0.010989 seconds 
========================================================================
Received Import Request.
  Time since last request: 142.364181 seconds.
  path: Assets/Prefab/Missile.prefab
  artifactKey: Guid(fe2f9d4313232e349ad699fd5f711a94) Importer(815301076,1909f56bfc062723c751e8b465ee728b)
Start importing Assets/Prefab/Missile.prefab using Guid(fe2f9d4313232e349ad699fd5f711a94) Importer(815301076,1909f56bfc062723c751e8b465ee728b)  -> (artifact id: '3502790099c74c5c5825187bbea3ee95') in 0.028228 seconds 
========================================================================
Received Import Request.
  Time since last request: 111.469466 seconds.
  path: Assets/Prefab/Missile.prefab
  artifactKey: Guid(fe2f9d4313232e349ad699fd5f711a94) Importer(815301076,1909f56bfc062723c751e8b465ee728b)
Start importing Assets/Prefab/Missile.prefab using Guid(fe2f9d4313232e349ad699fd5f711a94) Importer(815301076,1909f56bfc062723c751e8b465ee728b)  -> (artifact id: '4077e09630c9322d7d1fca741e4d375f') in 0.007863 seconds 
========================================================================
Received Import Request.
  Time since last request: 9.052396 seconds.
  path: Assets/Prefab/Missile.prefab
  artifactKey: Guid(fe2f9d4313232e349ad699fd5f711a94) Importer(815301076,1909f56bfc062723c751e8b465ee728b)
Start importing Assets/Prefab/Missile.prefab using Guid(fe2f9d4313232e349ad699fd5f711a94) Importer(815301076,1909f56bfc062723c751e8b465ee728b)  -> (artifact id: '7a44ba8b930549824208a56d8ac36897') in 0.008261 seconds 
========================================================================
Received Import Request.
  Time since last request: 6.030326 seconds.
  path: Assets/Prefab/Missile.prefab
  artifactKey: Guid(fe2f9d4313232e349ad699fd5f711a94) Importer(815301076,1909f56bfc062723c751e8b465ee728b)
Start importing Assets/Prefab/Missile.prefab using Guid(fe2f9d4313232e349ad699fd5f711a94) Importer(815301076,1909f56bfc062723c751e8b465ee728b)  -> (artifact id: '8f25be25aa1fa0dce80a680f1683d245') in 0.008435 seconds 
========================================================================
Received Import Request.
  Time since last request: 66.712256 seconds.
  path: Assets/Script/New Folder
  artifactKey: Guid(d920e7543f2d3774cb4284db8bbb2dc5) Importer(815301076,1909f56bfc062723c751e8b465ee728b)
Start importing Assets/Script/New Folder using Guid(d920e7543f2d3774cb4284db8bbb2dc5) Importer(815301076,1909f56bfc062723c751e8b465ee728b)  -> (artifact id: 'e2bfb0a8626e446c7a31955703a83a4c') in 0.006108 seconds 
========================================================================
Received Import Request.
  Time since last request: 6.775773 seconds.
  path: Assets/Script/Missile
  artifactKey: Guid(d920e7543f2d3774cb4284db8bbb2dc5) Importer(815301076,1909f56bfc062723c751e8b465ee728b)
Start importing Assets/Script/Missile using Guid(d920e7543f2d3774cb4284db8bbb2dc5) Importer(815301076,1909f56bfc062723c751e8b465ee728b)  -> (artifact id: '09247eae778054865a23d7bb41129a90') in 0.002299 seconds 
========================================================================
Received Import Request.
  Time since last request: 7.823461 seconds.
  path: Assets/Script/Missile/Missile.cs
  artifactKey: Guid(aa260c69548c0d74d952621c75bd0cdf) Importer(815301076,1909f56bfc062723c751e8b465ee728b)
Start importing Assets/Script/Missile/Missile.cs using Guid(aa260c69548c0d74d952621c75bd0cdf) Importer(815301076,1909f56bfc062723c751e8b465ee728b)  -> (artifact id: '20eeb58a3688df90ef0d0d1c76e915eb') in 0.003727 seconds 
========================================================================
Received Prepare
Registering precompiled user dll's ...
Registered in 0.009681 seconds.
Begin MonoManager ReloadAssembly
Symbol file LoadedFromMemory doesn't match image C:\csy\Unity\2022_Helicopter_KGA\[HomeWork] Helicopter(220708)\Library\PackageCache\com.unity.visualscripting@1.7.8\Editor\VisualScripting.Core\Dependencies\YamlDotNet\Unity.VisualScripting.YamlDotNet.dll
Symbol file LoadedFromMemory doesn't match image C:\csy\Unity\2022_Helicopter_KGA\[HomeWork] Helicopter(220708)\Library\PackageCache\com.unity.visualscripting@1.7.8\Editor\VisualScripting.Core\Dependencies\DotNetZip\Unity.VisualScripting.IonicZip.dll
Native extension for UWP target not found
Native extension for WindowsStandalone target not found
Native extension for Android target not found
Refreshing native plugins compatible for Editor in 0.71 ms, found 3 plugins.
Preloading 0 native plugins for Editor in 0.00 ms.
Mono: successfully reloaded assembly
- Completed reload, in  1.131 seconds
Domain Reload Profiling:
	ReloadAssembly (1131ms)
		BeginReloadAssembly (183ms)
			ExecutionOrderSort (0ms)
			DisableScriptedObjects (9ms)
			BackupInstance (0ms)
			ReleaseScriptingObjects (0ms)
			CreateAndSetChildDomain (54ms)
		EndReloadAssembly (817ms)
			LoadAssemblies (104ms)
			RebuildTransferFunctionScriptingTraits (0ms)
			SetupTypeCache (275ms)
			ReleaseScriptCaches (1ms)
			RebuildScriptCaches (34ms)
			SetupLoadedEditorAssemblies (352ms)
				LogAssemblyErrors (0ms)
				InitializePlatformSupportModulesInManaged (33ms)
				SetLoadedEditorAssemblies (0ms)
				RefreshPlugins (1ms)
				BeforeProcessingInitializeOnLoad (79ms)
				ProcessInitializeOnLoadAttributes (204ms)
				ProcessInitializeOnLoadMethodAttributes (27ms)
				AfterProcessingInitializeOnLoad (8ms)
				EditorAssembliesLoaded (0ms)
			ExecutionOrderSort2 (0ms)
			AwakeInstancesAfterBackupRestoration (5ms)
Platform modules already initialized, skipping
Refreshing native plugins compatible for Editor in 2.70 ms, found 3 plugins.
Preloading 0 native plugins for Editor in 0.00 ms.
Unloading 3367 Unused Serialized files (Serialized files now loaded: 0)
Unloading 26 unused Assets / (79.0 KB). Loaded Objects now: 3874.
Memory consumption went from 120.7 MB to 120.6 MB.
Total: 3.693200 ms (FindLiveObjects: 0.453400 ms CreateObjectMapping: 0.117600 ms MarkObjects: 2.982400 ms  DeleteObjects: 0.138300 ms)

AssetImportParameters requested are different than current active one (requested -> active):
  custom:video-decoder-ogg-theora: a1e56fd34408186e4bbccfd4996cb3dc -> 
  custom:container-muxer-webm: aa71ff27fc2769a1b78a27578f13a17b -> 
  custom:container-demuxer-webm: 4f35f7cbe854078d1ac9338744f61a02 -> 
  custom:video-encoder-webm-vp8: eb34c28f22e8b96e1ab97ce403110664 -> 
  custom:audio-encoder-webm-vorbis: bf7c407c2cedff20999df2af8eb42d56 -> 
  custom:framework-win-MediaFoundation: 216162199b28c13a410421893ffa2e32 -> 
  custom:container-demuxer-ogg: 62fdf1f143b41e24485cea50d1cbac27 -> 
  custom:video-decoder-webm-vp8: 9c59270c3fd7afecdb556c50c9e8de78 -> 
  custom:audio-decoder-ogg-vorbis: bf7c407c2cedff20999df2af8eb42d56 -> 
========================================================================
Received Import Request.
  Time since last request: 33.318437 seconds.
  path: Assets/Prefab/Missile.prefab
  artifactKey: Guid(fe2f9d4313232e349ad699fd5f711a94) Importer(815301076,1909f56bfc062723c751e8b465ee728b)
Start importing Assets/Prefab/Missile.prefab using Guid(fe2f9d4313232e349ad699fd5f711a94) Importer(815301076,1909f56bfc062723c751e8b465ee728b)  -> (artifact id: '86be1b78b50ba6624b64ce458d1518d4') in 0.065022 seconds 
========================================================================
Received Import Request.
  Time since last request: 8.339086 seconds.
  path: Assets/Prefab/Missile.prefab
  artifactKey: Guid(fe2f9d4313232e349ad699fd5f711a94) Importer(815301076,1909f56bfc062723c751e8b465ee728b)
Start importing Assets/Prefab/Missile.prefab using Guid(fe2f9d4313232e349ad699fd5f711a94) Importer(815301076,1909f56bfc062723c751e8b465ee728b)  -> (artifact id: '8096be92f0999f62369bf3fda89f6714') in 0.007806 seconds 
========================================================================
Received Import Request.
  Time since last request: 8.270234 seconds.
  path: Assets/Prefab/Missile.prefab
  artifactKey: Guid(fe2f9d4313232e349ad699fd5f711a94) Importer(815301076,1909f56bfc062723c751e8b465ee728b)
Start importing Assets/Prefab/Missile.prefab using Guid(fe2f9d4313232e349ad699fd5f711a94) Importer(815301076,1909f56bfc062723c751e8b465ee728b)  -> (artifact id: '51bab3f69a8c66182601b559575bd61f') in 0.008533 seconds 
========================================================================
Received Import Request.
  Time since last request: 1.614828 seconds.
  path: Assets/Prefab/Missile.prefab
  artifactKey: Guid(fe2f9d4313232e349ad699fd5f711a94) Importer(815301076,1909f56bfc062723c751e8b465ee728b)
Start importing Assets/Prefab/Missile.prefab using Guid(fe2f9d4313232e349ad699fd5f711a94) Importer(815301076,1909f56bfc062723c751e8b465ee728b)  -> (artifact id: 'f2029b1a179b0bbcbf359988821db77e') in 0.008312 seconds 
========================================================================
Received Import Request.
  Time since last request: 24.172352 seconds.
  path: Assets/Prefab/Missile.prefab
  artifactKey: Guid(fe2f9d4313232e349ad699fd5f711a94) Importer(815301076,1909f56bfc062723c751e8b465ee728b)
Start importing Assets/Prefab/Missile.prefab using Guid(fe2f9d4313232e349ad699fd5f711a94) Importer(815301076,1909f56bfc062723c751e8b465ee728b)  -> (artifact id: '67898470d142ffec32ae445ffdda80b4') in 0.008702 seconds 
========================================================================
Received Import Request.
  Time since last request: 8.663136 seconds.
  path: Assets/Prefab/Missile.prefab
  artifactKey: Guid(fe2f9d4313232e349ad699fd5f711a94) Importer(815301076,1909f56bfc062723c751e8b465ee728b)
Start importing Assets/Prefab/Missile.prefab using Guid(fe2f9d4313232e349ad699fd5f711a94) Importer(815301076,1909f56bfc062723c751e8b465ee728b)  -> (artifact id: '25d3a88891bd82050bf03ac61974e119') in 0.008920 seconds 
========================================================================
Received Import Request.
  Time since last request: 6.856344 seconds.
  path: Assets/Prefab/Missile.prefab
  artifactKey: Guid(fe2f9d4313232e349ad699fd5f711a94) Importer(815301076,1909f56bfc062723c751e8b465ee728b)
Start importing Assets/Prefab/Missile.prefab using Guid(fe2f9d4313232e349ad699fd5f711a94) Importer(815301076,1909f56bfc062723c751e8b465ee728b)  -> (artifact id: '7400909ed45391a05ee164546fcad46b') in 0.008642 seconds 
========================================================================
Received Import Request.
  Time since last request: 5.434773 seconds.
  path: Assets/Prefab/Missile.prefab
  artifactKey: Guid(fe2f9d4313232e349ad699fd5f711a94) Importer(815301076,1909f56bfc062723c751e8b465ee728b)
Start importing Assets/Prefab/Missile.prefab using Guid(fe2f9d4313232e349ad699fd5f711a94) Importer(815301076,1909f56bfc062723c751e8b465ee728b)  -> (artifact id: '1ca1f3e2787924161a91f4c44af9a520') in 0.008287 seconds 
========================================================================
Received Import Request.
  Time since last request: 5.637420 seconds.
  path: Assets/Prefab/Missile.prefab
  artifactKey: Guid(fe2f9d4313232e349ad699fd5f711a94) Importer(815301076,1909f56bfc062723c751e8b465ee728b)
Start importing Assets/Prefab/Missile.prefab using Guid(fe2f9d4313232e349ad699fd5f711a94) Importer(815301076,1909f56bfc062723c751e8b465ee728b)  -> (artifact id: 'c9649019167aad2408390711ab487add') in 0.008541 seconds 
========================================================================
Received Import Request.
  Time since last request: 5.438831 seconds.
  path: Assets/Prefab/Missile.prefab
  artifactKey: Guid(fe2f9d4313232e349ad699fd5f711a94) Importer(815301076,1909f56bfc062723c751e8b465ee728b)
Start importing Assets/Prefab/Missile.prefab using Guid(fe2f9d4313232e349ad699fd5f711a94) Importer(815301076,1909f56bfc062723c751e8b465ee728b)  -> (artifact id: '77058d9f19f60961c8b33a19c273c2dc') in 0.008260 seconds 
========================================================================
Received Import Request.
  Time since last request: 7.845066 seconds.
  path: Assets/Prefab/Missile.prefab
  artifactKey: Guid(fe2f9d4313232e349ad699fd5f711a94) Importer(815301076,1909f56bfc062723c751e8b465ee728b)
Start importing Assets/Prefab/Missile.prefab using Guid(fe2f9d4313232e349ad699fd5f711a94) Importer(815301076,1909f56bfc062723c751e8b465ee728b)  -> (artifact id: '44d74b1afbf7a349d8b625a320d7edfd') in 0.008052 seconds 
========================================================================
Received Import Request.
  Time since last request: 14.480849 seconds.
  path: Assets/Prefab/Missile.prefab
  artifactKey: Guid(fe2f9d4313232e349ad699fd5f711a94) Importer(815301076,1909f56bfc062723c751e8b465ee728b)
Start importing Assets/Prefab/Missile.prefab using Guid(fe2f9d4313232e349ad699fd5f711a94) Importer(815301076,1909f56bfc062723c751e8b465ee728b)  -> (artifact id: '77c1edee09f6f3a349068a5bb7aa9f7f') in 0.008459 seconds 
========================================================================
Received Import Request.
  Time since last request: 284.464936 seconds.
  path: ProjectSettings/TagManager.asset
  artifactKey: Guid(00000000000000003000000000000000) Importer(815301076,1909f56bfc062723c751e8b465ee728b)
Start importing ProjectSettings/TagManager.asset using Guid(00000000000000003000000000000000) Importer(815301076,1909f56bfc062723c751e8b465ee728b)  -> (artifact id: '49103ddb131dee35ba8759c97ba2dd04') in 0.007046 seconds 
========================================================================
Received Import Request.
  Time since last request: 211.684697 seconds.
  path: Assets/Prefab/Missile.prefab
  artifactKey: Guid(fe2f9d4313232e349ad699fd5f711a94) Importer(815301076,1909f56bfc062723c751e8b465ee728b)
Start importing Assets/Prefab/Missile.prefab using Guid(fe2f9d4313232e349ad699fd5f711a94) Importer(815301076,1909f56bfc062723c751e8b465ee728b)  -> (artifact id: 'c5242655e3e299a6d6ddca9339707790') in 0.011504 seconds 
========================================================================
Received Prepare
Registering precompiled user dll's ...
Registered in 0.004383 seconds.
Begin MonoManager ReloadAssembly
Symbol file LoadedFromMemory doesn't match image C:\csy\Unity\2022_Helicopter_KGA\[HomeWork] Helicopter(220708)\Library\PackageCache\com.unity.visualscripting@1.7.8\Editor\VisualScripting.Core\Dependencies\YamlDotNet\Unity.VisualScripting.YamlDotNet.dll
Symbol file LoadedFromMemory doesn't match image C:\csy\Unity\2022_Helicopter_KGA\[HomeWork] Helicopter(220708)\Library\PackageCache\com.unity.visualscripting@1.7.8\Editor\VisualScripting.Core\Dependencies\DotNetZip\Unity.VisualScripting.IonicZip.dll
Native extension for UWP target not found
Native extension for WindowsStandalone target not found
Native extension for Android target not found
Refreshing native plugins compatible for Editor in 0.76 ms, found 3 plugins.
Preloading 0 native plugins for Editor in 0.00 ms.
Mono: successfully reloaded assembly
- Completed reload, in  0.879 seconds
Domain Reload Profiling:
	ReloadAssembly (880ms)
		BeginReloadAssembly (114ms)
			ExecutionOrderSort (0ms)
			DisableScriptedObjects (4ms)
			BackupInstance (0ms)
			ReleaseScriptingObjects (0ms)
			CreateAndSetChildDomain (36ms)
		EndReloadAssembly (684ms)
			LoadAssemblies (66ms)
			RebuildTransferFunctionScriptingTraits (0ms)
			SetupTypeCache (218ms)
			ReleaseScriptCaches (1ms)
			RebuildScriptCaches (39ms)
			SetupLoadedEditorAssemblies (316ms)
				LogAssemblyErrors (0ms)
				InitializePlatformSupportModulesInManaged (24ms)
				SetLoadedEditorAssemblies (0ms)
				RefreshPlugins (1ms)
				BeforeProcessingInitializeOnLoad (67ms)
				ProcessInitializeOnLoadAttributes (189ms)
				ProcessInitializeOnLoadMethodAttributes (27ms)
				AfterProcessingInitializeOnLoad (8ms)
				EditorAssembliesLoaded (0ms)
			ExecutionOrderSort2 (0ms)
			AwakeInstancesAfterBackupRestoration (5ms)
Platform modules already initialized, skipping
Refreshing native plugins compatible for Editor in 2.22 ms, found 3 plugins.
Preloading 0 native plugins for Editor in 0.00 ms.
Unloading 3367 Unused Serialized files (Serialized files now loaded: 0)
Unloading 21 unused Assets / (78.1 KB). Loaded Objects now: 3877.
Memory consumption went from 120.7 MB to 120.6 MB.
Total: 3.273600 ms (FindLiveObjects: 0.389200 ms CreateObjectMapping: 0.088100 ms MarkObjects: 2.719200 ms  DeleteObjects: 0.075700 ms)

AssetImportParameters requested are different than current active one (requested -> active):
  custom:video-decoder-ogg-theora: a1e56fd34408186e4bbccfd4996cb3dc -> 
  custom:container-muxer-webm: aa71ff27fc2769a1b78a27578f13a17b -> 
  custom:container-demuxer-webm: 4f35f7cbe854078d1ac9338744f61a02 -> 
  custom:video-encoder-webm-vp8: eb34c28f22e8b96e1ab97ce403110664 -> 
  custom:audio-encoder-webm-vorbis: bf7c407c2cedff20999df2af8eb42d56 -> 
  custom:framework-win-MediaFoundation: 216162199b28c13a410421893ffa2e32 -> 
  custom:container-demuxer-ogg: 62fdf1f143b41e24485cea50d1cbac27 -> 
  custom:video-decoder-webm-vp8: 9c59270c3fd7afecdb556c50c9e8de78 -> 
  custom:audio-decoder-ogg-vorbis: bf7c407c2cedff20999df2af8eb42d56 -> 
========================================================================
Received Prepare
Registering precompiled user dll's ...
Registered in 0.005122 seconds.
Begin MonoManager ReloadAssembly
Symbol file LoadedFromMemory doesn't match image C:\csy\Unity\2022_Helicopter_KGA\[HomeWork] Helicopter(220708)\Library\PackageCache\com.unity.visualscripting@1.7.8\Editor\VisualScripting.Core\Dependencies\YamlDotNet\Unity.VisualScripting.YamlDotNet.dll
Symbol file LoadedFromMemory doesn't match image C:\csy\Unity\2022_Helicopter_KGA\[HomeWork] Helicopter(220708)\Library\PackageCache\com.unity.visualscripting@1.7.8\Editor\VisualScripting.Core\Dependencies\DotNetZip\Unity.VisualScripting.IonicZip.dll
Native extension for UWP target not found
Native extension for WindowsStandalone target not found
Native extension for Android target not found
Refreshing native plugins compatible for Editor in 0.91 ms, found 3 plugins.
Preloading 0 native plugins for Editor in 0.00 ms.
Mono: successfully reloaded assembly
- Completed reload, in  0.886 seconds
Domain Reload Profiling:
	ReloadAssembly (887ms)
		BeginReloadAssembly (114ms)
			ExecutionOrderSort (0ms)
			DisableScriptedObjects (5ms)
			BackupInstance (0ms)
			ReleaseScriptingObjects (0ms)
			CreateAndSetChildDomain (33ms)
		EndReloadAssembly (695ms)
			LoadAssemblies (67ms)
			RebuildTransferFunctionScriptingTraits (0ms)
			SetupTypeCache (221ms)
			ReleaseScriptCaches (2ms)
			RebuildScriptCaches (39ms)
			SetupLoadedEditorAssemblies (325ms)
				LogAssemblyErrors (0ms)
				InitializePlatformSupportModulesInManaged (23ms)
				SetLoadedEditorAssemblies (0ms)
				RefreshPlugins (1ms)
				BeforeProcessingInitializeOnLoad (69ms)
				ProcessInitializeOnLoadAttributes (192ms)
				ProcessInitializeOnLoadMethodAttributes (30ms)
				AfterProcessingInitializeOnLoad (9ms)
				EditorAssembliesLoaded (0ms)
			ExecutionOrderSort2 (0ms)
			AwakeInstancesAfterBackupRestoration (6ms)
Platform modules already initialized, skipping
Refreshing native plugins compatible for Editor in 3.21 ms, found 3 plugins.
Preloading 0 native plugins for Editor in 0.00 ms.
Unloading 3367 Unused Serialized files (Serialized files now loaded: 0)
Unloading 20 unused Assets / (78.3 KB). Loaded Objects now: 3880.
Memory consumption went from 120.7 MB to 120.6 MB.
Total: 2.509200 ms (FindLiveObjects: 0.210600 ms CreateObjectMapping: 0.070400 ms MarkObjects: 2.155000 ms  DeleteObjects: 0.072400 ms)

AssetImportParameters requested are different than current active one (requested -> active):
  custom:video-decoder-ogg-theora: a1e56fd34408186e4bbccfd4996cb3dc -> 
  custom:container-muxer-webm: aa71ff27fc2769a1b78a27578f13a17b -> 
  custom:container-demuxer-webm: 4f35f7cbe854078d1ac9338744f61a02 -> 
  custom:video-encoder-webm-vp8: eb34c28f22e8b96e1ab97ce403110664 -> 
  custom:audio-encoder-webm-vorbis: bf7c407c2cedff20999df2af8eb42d56 -> 
  custom:framework-win-MediaFoundation: 216162199b28c13a410421893ffa2e32 -> 
  custom:container-demuxer-ogg: 62fdf1f143b41e24485cea50d1cbac27 -> 
  custom:video-decoder-webm-vp8: 9c59270c3fd7afecdb556c50c9e8de78 -> 
  custom:audio-decoder-ogg-vorbis: bf7c407c2cedff20999df2af8eb42d56 -> 
========================================================================
Received Import Request.
  Time since last request: 1497.730965 seconds.
  path: Assets/Script/Helicopter
  artifactKey: Guid(e8e880d452e17ce40a7e72a214a183f0) Importer(815301076,1909f56bfc062723c751e8b465ee728b)
Start importing Assets/Script/Helicopter using Guid(e8e880d452e17ce40a7e72a214a183f0) Importer(815301076,1909f56bfc062723c751e8b465ee728b)  -> (artifact id: '904f678788a4f3857e14ee11d09c35d0') in 0.012987 seconds 
========================================================================
Received Import Request.
  Time since last request: 4.821187 seconds.
  path: Assets/Script/Helicopter/HelicopterInput.cs
  artifactKey: Guid(524ff5b3708695c43865a7a0fb4403a6) Importer(815301076,1909f56bfc062723c751e8b465ee728b)
Start importing Assets/Script/Helicopter/HelicopterInput.cs using Guid(524ff5b3708695c43865a7a0fb4403a6) Importer(815301076,1909f56bfc062723c751e8b465ee728b)  -> (artifact id: 'e1f09b08bd25474090b1fc931b9cc5f7') in 0.005486 seconds 
